********************************************************************************
PACKAGE-LOG: 2016-02-02 05:50:06
NOTICE: Do NOT post to public sites or forums 
********************************************************************************
VERSION:	1.1.2
WORDPRESS:	4.1.9
PHP INFO:	5.4.45 | SAPI: cgi-fcgi
SERVER:		Apache/2.2.31 (Unix) mod_ssl/2.2.31 OpenSSL/1.0.1e-fips mod_bwlimited/1.4 
PHP TIME LIMIT: (0) no time limit imposed 
PHP MAX MEMORY: 5000M (40M default) 
MEMORY STACK: 20.75MB 

********************************************************************************
DATABASE:
********************************************************************************
BUILD MODE:   PHP(query limit - 100)
MYSQLTIMEOUT: 5000
MYSQLDUMP:    Is Supported 
TABLES: total:118 | filtered:0 | create:118 
FILTERED: [] 
SQL CREATED: 20150615_grekiska_56b0437b06e9b3063160202054947_database.sql 
SQL FILE SIZE: 1.51MB (1586970) 
SQL FILE TIME: 2016-02-02 05:50:07 
SQL RUNTIME: 0.97 sec. 

******************************************************************************** 
ARCHIVE (ZIP): 
******************************************************************************** 
ARCHIVE DIR:  /home/barkarbygrekiska/public_html 
ARCHIVE FILE: 20150615_grekiska_56b0437b06e9b3063160202054947_archive.zip 
FILTERS: *OFF* 
DIRS:  not set 
EXTS:  not set 
---------------------------------------- 
COMPRESSING 
SIZE:	105.64MB 
STATS:	Dirs 751 | Files 6,009 
SQL ADDED: 20150615_grekiska_56b0437b06e9b3063160202054947_database.sql 
ZipArchive Object
(
    [status] => 0
    [statusSys] => 0
    [numFiles] => 6760
    [filename] => /home/barkarbygrekiska/public_html/wp-snapshots/tmp/20150615_grekiska_56b0437b06e9b3063160202054947_archive.zip
    [comment] => 
)
 
COMPRESSION RESULT: '1' 
COMPRESSED SIZE: 50.58MB 
ARCHIVE RUNTIME: 17.38 sec. 
MEMORY STACK: 23.5MB 

******************************************************************************** 
MAKE INSTALLER: 
******************************************************************************** 
Build Start 
Build Finished 
Preping for use 
Template parsed with new data 
Complete [/home/barkarbygrekiska/public_html/wp-snapshots/tmp/20150615_grekiska_56b0437b06e9b3063160202054947_installer.php] 
Added to archive 

******************************************************************************** 
INTEGRITY CHECKS: 
******************************************************************************** 
SQL File: 1.51MB 
Installer File: 318.86KB 
Archive File: 50.58MB  

********************************************************************************
RECORD ID:[4]
TOTAL PROCESS RUNTIME: 19.55 sec.
PEAK PHP MEMORY USED: 25MB
DONE PROCESSING => 20150615_grekiska 2016-02-02 05:50:26
 
